<?xml version="1.0" encoding="UTF-8"?>
<testng-results skipped="0" failed="0" ignored="0" total="1" passed="1">
  <reporter-output>
    <line>
      <![CDATA[hi]]>
    </line>
  </reporter-output>
  <suite name="Suite" duration-ms="34309" started-at="2020-05-15T07:14:57Z" finished-at="2020-05-15T07:15:31Z">
    <groups>
    </groups>
    <test name="Test" duration-ms="34309" started-at="2020-05-15T07:14:57Z" finished-at="2020-05-15T07:15:31Z">
      <class name="test.java.Demo">
        <test-method status="PASS" signature="openBrowser()[pri:0, instance:test.java.Demo@42d80b78]" name="openBrowser" is-config="true" duration-ms="7420" started-at="2020-05-15T07:14:57Z" finished-at="2020-05-15T07:15:04Z">
          <reporter-output>
          </reporter-output>
        </test-method> <!-- openBrowser -->
        <test-method status="PASS" signature="login()[pri:0, instance:test.java.Demo@42d80b78]" name="login" is-config="true" duration-ms="16265" started-at="2020-05-15T07:15:04Z" finished-at="2020-05-15T07:15:20Z">
          <reporter-output>
          </reporter-output>
        </test-method> <!-- login -->
        <test-method status="PASS" signature="test()[pri:0, instance:test.java.Demo@42d80b78]" name="test" duration-ms="18" started-at="2020-05-15T07:15:20Z" finished-at="2020-05-15T07:15:20Z">
          <reporter-output>
            <line>
              <![CDATA[hi]]>
            </line>
          </reporter-output>
        </test-method> <!-- test -->
        <test-method status="PASS" signature="logout()[pri:0, instance:test.java.Demo@42d80b78]" name="logout" is-config="true" duration-ms="10409" started-at="2020-05-15T07:15:20Z" finished-at="2020-05-15T07:15:31Z">
          <reporter-output>
          </reporter-output>
        </test-method> <!-- logout -->
        <test-method status="PASS" signature="closeBrowser()[pri:0, instance:test.java.Demo@42d80b78]" name="closeBrowser" is-config="true" duration-ms="149" started-at="2020-05-15T07:15:31Z" finished-at="2020-05-15T07:15:31Z">
          <reporter-output>
          </reporter-output>
        </test-method> <!-- closeBrowser -->
      </class> <!-- test.java.Demo -->
    </test> <!-- Test -->
  </suite> <!-- Suite -->
</testng-results>
